\begin{align*}
\mathrm{O3} + \mathrm{OH} &\xrightarrow{e^{\frac{T1}{T}} 2.46e10 k1} \mathrm{HO2} + \mathrm{O2} \\
\mathrm{HO2} + \mathrm{O3} &\xrightarrow{e^{\frac{T2}{T}} 2.46e10 k2} 2 \mathrm{O2} + \mathrm{OH} \\
\mathrm{HO2} + \mathrm{OH} &\xrightarrow{e^{\frac{T3}{T}} 2.46e10 k3} \mathrm{HO2} + \mathrm{O2} \\
\mathrm{NO} + \mathrm{O3} &\xrightarrow{e^{\frac{T4}{T}} 2.46e10 k4} \mathrm{NO2} + \mathrm{O2} \\
\mathrm{HO2} + \mathrm{NO} &\xrightarrow{e^{\frac{T5}{T}} 2.46e10 k5} \mathrm{NO2} + \mathrm{OH} \\
\mathrm{CH4} + \mathrm{OH} &\xrightarrow{e^{\frac{T6}{T}} 2.46e10 k6} \mathrm{CH3O2} + \mathrm{H2O} \\
\mathrm{CH2O} + \mathrm{OH} &\xrightarrow{e^{\frac{T7}{T}} 2.46e10 k7} \mathrm{CO} + \mathrm{H2O} + \mathrm{HO2} \\
\mathrm{CH3O2} + \mathrm{HO2} &\xrightarrow{e^{\frac{T8}{T}} 2.46e10 k8} \mathrm{CH3OOH} + \mathrm{O2} \\
\mathrm{CH3OOH} + \mathrm{OH} &\xrightarrow{e^{\frac{T9}{T}} 2.46e10 k9} \mathrm{CH3O2} + \mathrm{H2O} \\
\mathrm{CH3OOH} + \mathrm{OH} &\xrightarrow{e^{\frac{T10}{T}} 2.46e10 k10} \mathrm{CH3O} + \mathrm{H2O} + \mathrm{OH} \\
\mathrm{CH3O2} + \mathrm{NO} &\xrightarrow{e^{\frac{T11}{T}} 2.46e10 k11} \mathrm{CH2O} + \mathrm{HO2} + \mathrm{NO2} \\
20 \mathrm{CH3O2} &\xrightarrow{e^{\frac{T12}{T}} 2.46e10 k12} 20 \mathrm{CH2O} + 8 \mathrm{H2O} \\
\mathrm{DMS} + \mathrm{OH} &\xrightarrow{e^{\frac{T13}{T}} 2.46e10 k13} \mathrm{SO2} \\
\mathrm{ISOP} + \mathrm{OH} &\xrightarrow{e^{\frac{T14}{T}} 2.46e10 k14} 2 \mathrm{CH3O2} \\
2 \mathrm{ISOP} + 2 \mathrm{OH} &\xrightarrow{e^{\frac{T15}{T}} 2.46e10 k15} 2 \mathrm{ISOP} + \mathrm{OH} \\
\mathrm{ISOP} + \mathrm{O3} &\xrightarrow{e^{\frac{T16}{T}} 2.46e10 k16} 0.87 \mathrm{CH2O} + 1.86 \mathrm{CH3O2} + 0.06 \mathrm{HO2} + 0.05 \mathrm{CO} \\
\mathrm{O3} &\xrightarrow{1.0000000000000001e-21 jO31D} \mathrm{O1d} + \mathrm{O2} \\
\mathrm{O1d} + \mathrm{H2O} &\xrightarrow{100 j2OH} 2 \mathrm{OH} \\
\mathrm{H2O2} &\xrightarrow{jH2O2} 2 \mathrm{OH} \\
\mathrm{NO2} &\xrightarrow{jNO2} \mathrm{NO} + \mathrm{O3} \\
\mathrm{CH2O} &\xrightarrow{jCH2Oa} \mathrm{CO} + 2 \mathrm{HO2} \\
\mathrm{CH3OOH} &\xrightarrow{jCH3OOH} \mathrm{CH2O} + \mathrm{HO2} + \mathrm{OH} \\
2 \mathrm{HO2} &\xrightarrow{e^{\frac{T17}{T}} 2.46e10 k17} \mathrm{H2O2} + \mathrm{O2} \\
\mathrm{OH} + \mathrm{H2O2} &\xrightarrow{2.46e10 k18} \mathrm{H2O} + \mathrm{HO2} \\
\mathrm{OH} + \mathrm{CO} &\xrightarrow{2.46e10 k19} \mathrm{HO2}  
 \end{align*}
